<?xml version="1.0" encoding="UTF-8"?>
<!-- Generated by org.testng.reporters.JUnitReportReporter -->
<testsuite hostname="ANDREW-PC" name="SampleTest" tests="2" failures="0" timestamp="24 Feb 2015 20:54:56 GMT" time="0.045" errors="0">
  <testcase name="testApp" time="0.045" classname="SampleTest"/>
  <testcase name="testLogin" time="0.000" classname="SampleTest"/>
</testsuite> <!-- SampleTest -->
